----------------------------------------
Timestamp: 2/2/2014 8:00:24 PM

Message: HandlingInstanceID: 065f1312-7831-45cd-9b78-26390477f1c4
An exception of type 'System.Security.Cryptography.CryptographicException' occurred and was caught.
---------------------------------------------------------------------------------------------------
02/02/2014 22:00:24
Type : System.Security.Cryptography.CryptographicException, mscorlib, Version=4.0.0.0, Culture=neutral, PublicKeyToken=b77a5c561934e089
Message : Bad Data.

Source : mscorlib
Help link : 
Data : System.Collections.ListDictionaryInternal
TargetSite : Void ThrowCryptographicException(Int32)
HResult : -2146893819
Stack Trace :    at System.Security.Cryptography.CryptographicException.ThrowCryptographicException(Int32 hr)
   at System.Security.Cryptography.Utils._DecryptData(SafeKeyHandle hKey, Byte[] data, Int32 ib, Int32 cb, Byte[]& outputBuffer, Int32 outputOffset, PaddingMode PaddingMode, Boolean fDone)
   at System.Security.Cryptography.CryptoAPITransform.TransformFinalBlock(Byte[] inputBuffer, Int32 inputOffset, Int32 inputCount)
   at System.Security.Cryptography.CryptoStream.FlushFinalBlock()
   at System.Security.Cryptography.CryptoStream.Dispose(Boolean disposing)
   at System.IO.Stream.Close()
   at System.IO.Stream.Dispose()
   at Telerik.Sitefinity.Security.SecurityManager.DecryptData(Byte[] data)
   at Telerik.Sitefinity.Security.Claims.SitefinityCookieTransform.Decode(Byte[] encoded)
   at Microsoft.IdentityModel.Tokens.SessionSecurityTokenHandler.ApplyTransforms(Byte[] cookie, Boolean outbound)
   at Microsoft.IdentityModel.Tokens.SessionSecurityTokenHandler.ReadToken(XmlReader reader, SecurityTokenResolver tokenResolver)
   at Telerik.Sitefinity.Security.Claims.SitefinitySessionTokenHandler.ReadToken(XmlReader reader, SecurityTokenResolver tokenResolver)
   at Microsoft.IdentityModel.Tokens.SessionSecurityTokenHandler.ReadToken(Byte[] token, SecurityTokenResolver tokenResolver)
   at Telerik.Sitefinity.Security.Claims.SitefinitySessionAuthenticationModule.ReadToken(Byte[] sessionCookie)

Additional Info:

MachineName : SABINA
TimeStamp : 2/2/2014 8:00:24 PM
FullName : Telerik.Sitefinity.Utilities, Version=6.1.4300.0, Culture=neutral, PublicKeyToken=b28c218413bdf563
AppDomainName : /LM/W3SVC/3/ROOT-1-130358447956001814
ThreadIdentity : 
WindowsIdentity : Sabina\Sabinne
Requested URL : http://localhost:60876/Mvc/Views/MVCWidgetWithDesigner/Default.cshtml


Category: ErrorLog

Priority: 0

EventId: 9010

Severity: Warning

Title:Enterprise Library Exception Handling

Machine: SABINA

App Domain: /LM/W3SVC/3/ROOT-1-130358447956001814

ProcessId: 5576

Process Name: C:\Program Files (x86)\IIS Express\iisexpress.exe

Thread Name: 

Win32 ThreadId:7132

Extended Properties: 
----------------------------------------
----------------------------------------
Timestamp: 2/2/2014 8:00:27 PM

Message: HandlingInstanceID: 27cb4ff3-e07a-46ce-a25f-9fafdc7a1cac
An exception of type 'System.Web.HttpException' occurred and was caught.
------------------------------------------------------------------------
02/02/2014 22:00:27
Type : System.Web.HttpException, System.Web, Version=4.0.0.0, Culture=neutral, PublicKeyToken=b03f5f7f11d50a3a
Message : Type 'ASP._Page_MVC_Views_MVCWidgetWithDesigner_Default_cshtml' does not inherit from 'System.Web.WebPages.WebPage'.
Source : System.Web
Help link : 
WebEventCode : 0
ErrorCode : -2147467259
Data : System.Collections.ListDictionaryInternal
TargetSite : Void CheckAssignableType(System.Type, System.Type)
HResult : -2147467259
Stack Trace :    at System.Web.UI.Util.CheckAssignableType(Type baseType, Type type)
   at System.Web.Compilation.BuildManager.CreateInstanceFromVirtualPath(VirtualPath virtualPath, Type requiredBaseType, HttpContext context, Boolean allowCrossApp)
   at System.Web.Compilation.BuildManager.CreateInstanceFromVirtualPath(String virtualPath, Type requiredBaseType)
   at System.Web.WebPages.BuildManagerWrapper.CreateInstanceOfType[T](String virtualPath)
   at System.Web.WebPages.VirtualPathFactoryExtensions.CreateInstance[T](IVirtualPathFactory factory, String virtualPath)
   at System.Web.WebPages.VirtualPathFactoryManager.CreateInstanceOfType[T](String virtualPath)
   at System.Web.WebPages.VirtualPathFactoryExtensions.CreateInstance[T](IVirtualPathFactory factory, String virtualPath)
   at System.Web.WebPages.WebPageHttpHandler.CreateFromVirtualPath(String virtualPath, IVirtualPathFactory virtualPathFactory)
   at System.Web.WebPages.WebPageRoute.DoPostResolveRequestCache(HttpContextBase context)
   at System.Web.WebPages.WebPageHttpModule.OnApplicationPostResolveRequestCache(Object sender, EventArgs e)
   at System.Web.HttpApplication.SyncEventExecutionStep.System.Web.HttpApplication.IExecutionStep.Execute()
   at System.Web.HttpApplication.ExecuteStep(IExecutionStep step, Boolean& completedSynchronously)

Additional Info:

MachineName : SABINA
TimeStamp : 2/2/2014 8:00:27 PM
FullName : Telerik.Sitefinity.Utilities, Version=6.1.4300.0, Culture=neutral, PublicKeyToken=b28c218413bdf563
AppDomainName : /LM/W3SVC/3/ROOT-1-130358447956001814
ThreadIdentity : 
WindowsIdentity : Sabina\Sabinne
Requested URL : http://localhost:60876/Mvc/Views/MVCWidgetWithDesigner/Default.cshtml


Category: ErrorLog

Priority: 0

EventId: 90000

Severity: Error

Title:Enterprise Library Exception Handling

Machine: SABINA

App Domain: /LM/W3SVC/3/ROOT-1-130358447956001814

ProcessId: 5576

Process Name: C:\Program Files (x86)\IIS Express\iisexpress.exe

Thread Name: 

Win32 ThreadId:7132

Extended Properties: 
----------------------------------------
