----------------------------------------
Timestamp: 2/3/2014 9:18:07 PM

Message: Shutting down threadpool...


----------------------------------------
----------------------------------------
Timestamp: 2/3/2014 9:18:07 PM

Message: Thread pool 'BackgroundTasksService': Shutdown of thread pool completed. All currently running threads will finish their work and stop.


----------------------------------------
----------------------------------------
Timestamp: 2/3/2014 9:18:07 PM

Message: WorkerThread is shut down


----------------------------------------
----------------------------------------
Timestamp: 2/3/2014 9:18:07 PM

Message: WorkerThread is shut down


----------------------------------------
----------------------------------------
Timestamp: 2/3/2014 9:18:07 PM

Message: WorkerThread is shut down


----------------------------------------
----------------------------------------
Timestamp: 2/3/2014 9:18:07 PM

Message: WorkerThread is shut down


----------------------------------------
----------------------------------------
Timestamp: 2/3/2014 9:18:07 PM

Message: WorkerThread is shut down


----------------------------------------
----------------------------------------
Timestamp: 2/3/2014 9:18:07 PM

Message: WorkerThread is shut down


----------------------------------------
----------------------------------------
Timestamp: 2/3/2014 9:18:07 PM

Message: WorkerThread is shut down


----------------------------------------
----------------------------------------
Timestamp: 2/3/2014 9:18:07 PM

Message: WorkerThread is shut down


----------------------------------------
----------------------------------------
Timestamp: 2/3/2014 9:18:07 PM

Message: Background task scheduler shut down


----------------------------------------
----------------------------------------
Timestamp: 2/3/2014 9:18:09 PM

Message: Shutting down threadpool...


----------------------------------------
----------------------------------------
Timestamp: 2/3/2014 9:18:09 PM

Message: Thread pool 'BackgroundTasksService': Shutdown of thread pool completed. Threads aborted.


----------------------------------------
----------------------------------------
Timestamp: 2/3/2014 9:22:33 PM

Message: Shutting down threadpool...


----------------------------------------
----------------------------------------
Timestamp: 2/3/2014 9:22:33 PM

Message: Thread pool 'BackgroundTasksService': Shutdown of thread pool completed. All currently running threads will finish their work and stop.


----------------------------------------
----------------------------------------
Timestamp: 2/3/2014 9:22:35 PM

Message: Shutting down threadpool...


----------------------------------------
----------------------------------------
Timestamp: 2/3/2014 9:22:35 PM

Message: Thread pool 'BackgroundTasksService': Shutdown of thread pool completed. Threads aborted.


----------------------------------------
----------------------------------------
Timestamp: 2/3/2014 9:23:51 PM

Message: Shutting down threadpool...


----------------------------------------
----------------------------------------
Timestamp: 2/3/2014 9:23:51 PM

Message: Thread pool 'BackgroundTasksService': Shutdown of thread pool completed. All currently running threads will finish their work and stop.


----------------------------------------
----------------------------------------
Timestamp: 2/3/2014 9:23:53 PM

Message: Shutting down threadpool...


----------------------------------------
----------------------------------------
Timestamp: 2/3/2014 9:23:53 PM

Message: Thread pool 'BackgroundTasksService': Shutdown of thread pool completed. Threads aborted.


----------------------------------------
----------------------------------------
Timestamp: 2/3/2014 9:25:01 PM

Message: Shutting down threadpool...


----------------------------------------
----------------------------------------
Timestamp: 2/3/2014 9:25:01 PM

Message: Thread pool 'BackgroundTasksService': Shutdown of thread pool completed. All currently running threads will finish their work and stop.


----------------------------------------
----------------------------------------
Timestamp: 2/3/2014 9:25:03 PM

Message: Shutting down threadpool...


----------------------------------------
----------------------------------------
Timestamp: 2/3/2014 9:25:03 PM

Message: Thread pool 'BackgroundTasksService': Shutdown of thread pool completed. Threads aborted.


----------------------------------------
----------------------------------------
Timestamp: 2/3/2014 9:27:26 PM

Message: Shutting down threadpool...


----------------------------------------
----------------------------------------
Timestamp: 2/3/2014 9:27:26 PM

Message: Thread pool 'BackgroundTasksService': Shutdown of thread pool completed. All currently running threads will finish their work and stop.


----------------------------------------
----------------------------------------
Timestamp: 2/3/2014 9:27:28 PM

Message: Shutting down threadpool...


----------------------------------------
----------------------------------------
Timestamp: 2/3/2014 9:27:28 PM

Message: Thread pool 'BackgroundTasksService': Shutdown of thread pool completed. Threads aborted.


----------------------------------------
----------------------------------------
Timestamp: 2/3/2014 9:30:14 PM

Message: Shutting down threadpool...


----------------------------------------
----------------------------------------
Timestamp: 2/3/2014 9:30:14 PM

Message: Thread pool 'BackgroundTasksService': Shutdown of thread pool completed. All currently running threads will finish their work and stop.


----------------------------------------
----------------------------------------
Timestamp: 2/3/2014 9:30:16 PM

Message: Shutting down threadpool...


----------------------------------------
----------------------------------------
Timestamp: 2/3/2014 9:30:16 PM

Message: Thread pool 'BackgroundTasksService': Shutdown of thread pool completed. Threads aborted.


----------------------------------------
----------------------------------------
Timestamp: 2/3/2014 9:32:33 PM

Message: Shutting down threadpool...


----------------------------------------
----------------------------------------
Timestamp: 2/3/2014 9:32:33 PM

Message: Thread pool 'BackgroundTasksService': Shutdown of thread pool completed. All currently running threads will finish their work and stop.


----------------------------------------
----------------------------------------
Timestamp: 2/3/2014 9:32:35 PM

Message: Shutting down threadpool...


----------------------------------------
----------------------------------------
Timestamp: 2/3/2014 9:32:35 PM

Message: Thread pool 'BackgroundTasksService': Shutdown of thread pool completed. Threads aborted.


----------------------------------------
